<?xml version="1.0" encoding="UTF-8"?>
<!-- Generated by org.testng.reporters.JUnitReportReporter -->
<testsuite hostname="MacBook-Pro-de-Thiago.local" failures="0" tests="1" name="br.com.thiagofranca.restassured.TestPost" time="5.402" errors="0" timestamp="2020-11-20T12:07:26 BRT" skipped="0">
  <testcase classname="br.com.thiagofranca.restassured.TestPost" name="putNomeProfissao" time="5.402"/>
  <system-out/>
</testsuite> <!-- br.com.thiagofranca.restassured.TestPost -->
