<?xml version="1.0" encoding="UTF-8"?>
<!-- Generated by org.testng.reporters.JUnitReportReporter -->
<testsuite hostname="MacBook-Pro-de-Thiago.local" failures="0" tests="1" name="br.com.thiagofranca.restassured.TestGet" time="8.260" errors="0" timestamp="2020-11-20T11:11:03 BRT" skipped="0">
  <testcase classname="br.com.thiagofranca.restassured.TestGet" name="getPageOne" time="8.260"/>
  <system-out/>
</testsuite> <!-- br.com.thiagofranca.restassured.TestGet -->
