<?xml version="1.0" encoding="UTF-8"?>
<!-- Generated by org.testng.reporters.JUnitReportReporter -->
<testsuite hostname="MacBook-Pro-de-Thiago.local" failures="0" tests="1" name="br.com.thiagofranca.restassured.TestPath" time="5.227" errors="0" timestamp="2020-11-20T12:06:37 BRT" skipped="0">
  <testcase classname="br.com.thiagofranca.restassured.TestPath" name="pathNomeProfissao" time="5.227"/>
  <system-out/>
</testsuite> <!-- br.com.thiagofranca.restassured.TestPath -->
